# JRE version: OpenJDK Runtime Environment (8.0_112-b06) (build 1.8.0_112-release-b06)
# Java VM: OpenJDK 64-Bit Server VM (25.112-b06 mixed mode linux-amd64 compressed oops)
Heap:
 PSYoungGen      total 423424K, used 21472K [0x00000000e0000000, 0x00000000fb380000, 0x0000000100000000)
  eden space 401920K, 0% used [0x00000000e0000000,0x00000000e0000000,0x00000000f8880000)
  from space 21504K, 99% used [0x00000000f8980000,0x00000000f9e78090,0x00000000f9e80000)
  to   space 15360K, 0% used [0x00000000fa480000,0x00000000fa480000,0x00000000fb380000)
 ParOldGen       total 93696K, used 86537K [0x00000000a0000000, 0x00000000a5b80000, 0x00000000e0000000)
  object space 93696K, 92% used [0x00000000a0000000,0x00000000a54824a0,0x00000000a5b80000)
 Metaspace       used 70541K, capacity 74710K, committed 74880K, reserved 1114112K
  class space    used 9121K, capacity 9852K, committed 9856K, reserved 1048576K
GC Heap History (10 events):
Event: 484.087 GC heap after
Heap after GC invocations=19 (full 3):
 PSYoungGen      total 310784K, used 5487K [0x00000000e0000000, 0x00000000f4800000, 0x0000000100000000)
  eden space 290816K, 0% used [0x00000000e0000000,0x00000000e0000000,0x00000000f1c00000)
  from space 19968K, 27% used [0x00000000f3480000,0x00000000f39dbe90,0x00000000f4800000)
  to   space 22528K, 0% used [0x00000000f1c00000,0x00000000f1c00000,0x00000000f3200000)
 ParOldGen       total 93696K, used 64537K [0x00000000a0000000, 0x00000000a5b80000, 0x00000000e0000000)
  object space 93696K, 68% used [0x00000000a0000000,0x00000000a3f06728,0x00000000a5b80000)
 Metaspace       used 66011K, capacity 69048K, committed 69120K, reserved 1110016K
  class space    used 8637K, capacity 9207K, committed 9216K, reserved 1048576K
}
Event: 495.209 GC heap before
{Heap before GC invocations=20 (full 3):
 PSYoungGen      total 310784K, used 296303K [0x00000000e0000000, 0x00000000f4800000, 0x0000000100000000)
  eden space 290816K, 100% used [0x00000000e0000000,0x00000000f1c00000,0x00000000f1c00000)
  from space 19968K, 27% used [0x00000000f3480000,0x00000000f39dbe90,0x00000000f4800000)
  to   space 22528K, 0% used [0x00000000f1c00000,0x00000000f1c00000,0x00000000f3200000)
 ParOldGen       total 93696K, used 64537K [0x00000000a0000000, 0x00000000a5b80000, 0x00000000e0000000)
  object space 93696K, 68% used [0x00000000a0000000,0x00000000a3f06728,0x00000000a5b80000)
 Metaspace       used 66619K, capacity 69780K, committed 70016K, reserved 1110016K
  class space    used 8693K, capacity 9258K, committed 9344K, reserved 1048576K
Event: 495.361 GC heap after
Heap after GC invocations=20 (full 3):
 PSYoungGen      total 313344K, used 6290K [0x00000000e0000000, 0x00000000f7300000, 0x0000000100000000)
  eden space 290816K, 0% used [0x00000000e0000000,0x00000000e0000000,0x00000000f1c00000)
  from space 22528K, 27% used [0x00000000f1c00000,0x00000000f22248c8,0x00000000f3200000)
  to   space 22016K, 0% used [0x00000000f5d80000,0x00000000f5d80000,0x00000000f7300000)
 ParOldGen       total 93696K, used 64545K [0x00000000a0000000, 0x00000000a5b80000, 0x00000000e0000000)
  object space 93696K, 68% used [0x00000000a0000000,0x00000000a3f08728,0x00000000a5b80000)
 Metaspace       used 66619K, capacity 69780K, committed 70016K, reserved 1110016K
  class space    used 8693K, capacity 9258K, committed 9344K, reserved 1048576K
}
Event: 502.192 GC heap before
{Heap before GC invocations=21 (full 3):
 PSYoungGen      total 313344K, used 297106K [0x00000000e0000000, 0x00000000f7300000, 0x0000000100000000)
  eden space 290816K, 100% used [0x00000000e0000000,0x00000000f1c00000,0x00000000f1c00000)
  from space 22528K, 27% used [0x00000000f1c00000,0x00000000f22248c8,0x00000000f3200000)
  to   space 22016K, 0% used [0x00000000f5d80000,0x00000000f5d80000,0x00000000f7300000)
 ParOldGen       total 93696K, used 64545K [0x00000000a0000000, 0x00000000a5b80000, 0x00000000e0000000)
  object space 93696K, 68% used [0x00000000a0000000,0x00000000a3f08728,0x00000000a5b80000)
 Metaspace       used 66626K, capacity 69780K, committed 70016K, reserved 1110016K
  class space    used 8693K, capacity 9258K, committed 9344K, reserved 1048576K
Event: 502.475 GC heap after
Heap after GC invocations=21 (full 3):
 PSYoungGen      total 358912K, used 7023K [0x00000000e0000000, 0x00000000f7b80000, 0x0000000100000000)
  eden space 336896K, 0% used [0x00000000e0000000,0x00000000e0000000,0x00000000f4900000)
  from space 22016K, 31% used [0x00000000f5d80000,0x00000000f645beb0,0x00000000f7300000)
  to   space 20992K, 0% used [0x00000000f4900000,0x00000000f4900000,0x00000000f5d80000)
 ParOldGen       total 93696K, used 64553K [0x00000000a0000000, 0x00000000a5b80000, 0x00000000e0000000)
  object space 93696K, 68% used [0x00000000a0000000,0x00000000a3f0a728,0x00000000a5b80000)
 Metaspace       used 66626K, capacity 69780K, committed 70016K, reserved 1110016K
  class space    used 8693K, capacity 9258K, committed 9344K, reserved 1048576K
}
Event: 509.994 GC heap before
{Heap before GC invocations=22 (full 3):
 PSYoungGen      total 358912K, used 343919K [0x00000000e0000000, 0x00000000f7b80000, 0x0000000100000000)
  eden space 336896K, 100% used [0x00000000e0000000,0x00000000f4900000,0x00000000f4900000)
  from space 22016K, 31% used [0x00000000f5d80000,0x00000000f645beb0,0x00000000f7300000)
  to   space 20992K, 0% used [0x00000000f4900000,0x00000000f4900000,0x00000000f5d80000)
 ParOldGen       total 93696K, used 64553K [0x00000000a0000000, 0x00000000a5b80000, 0x00000000e0000000)
  object space 93696K, 68% used [0x00000000a0000000,0x00000000a3f0a728,0x00000000a5b80000)
 Metaspace       used 66635K, capacity 69780K, committed 70016K, reserved 1110016K
  class space    used 8693K, capacity 9258K, committed 9344K, reserved 1048576K
Event: 510.358 GC heap after
Heap after GC invocations=22 (full 3):
 PSYoungGen      total 357888K, used 7932K [0x00000000e0000000, 0x00000000fb800000, 0x0000000100000000)
  eden space 336896K, 0% used [0x00000000e0000000,0x00000000e0000000,0x00000000f4900000)
  from space 20992K, 37% used [0x00000000f4900000,0x00000000f50bf270,0x00000000f5d80000)
  to   space 19968K, 0% used [0x00000000fa480000,0x00000000fa480000,0x00000000fb800000)
 ParOldGen       total 93696K, used 64553K [0x00000000a0000000, 0x00000000a5b80000, 0x00000000e0000000)
  object space 93696K, 68% used [0x00000000a0000000,0x00000000a3f0a728,0x00000000a5b80000)
 Metaspace       used 66635K, capacity 69780K, committed 70016K, reserved 1110016K
  class space    used 8693K, capacity 9258K, committed 9344K, reserved 1048576K
}
Event: 716.636 GC heap before
{Heap before GC invocations=23 (full 3):
 PSYoungGen      total 357888K, used 344828K [0x00000000e0000000, 0x00000000fb800000, 0x0000000100000000)
  eden space 336896K, 100% used [0x00000000e0000000,0x00000000f4900000,0x00000000f4900000)
  from space 20992K, 37% used [0x00000000f4900000,0x00000000f50bf270,0x00000000f5d80000)
  to   space 19968K, 0% used [0x00000000fa480000,0x00000000fa480000,0x00000000fb800000)
 ParOldGen       total 93696K, used 64553K [0x00000000a0000000, 0x00000000a5b80000, 0x00000000e0000000)
  object space 93696K, 68% used [0x00000000a0000000,0x00000000a3f0a728,0x00000000a5b80000)
 Metaspace       used 67978K, capacity 71648K, committed 71808K, reserved 1112064K
  class space    used 8859K, capacity 9507K, committed 9600K, reserved 1048576K
Event: 717.230 GC heap after
Heap after GC invocations=23 (full 3):
 PSYoungGen      total 417280K, used 15219K [0x00000000e0000000, 0x00000000fb380000, 0x0000000100000000)
  eden space 401920K, 0% used [0x00000000e0000000,0x00000000e0000000,0x00000000f8880000)
  from space 15360K, 99% used [0x00000000fa480000,0x00000000fb35cc08,0x00000000fb380000)
  to   space 21504K, 0% used [0x00000000f8980000,0x00000000f8980000,0x00000000f9e80000)
 ParOldGen       total 93696K, used 69625K [0x00000000a0000000, 0x00000000a5b80000, 0x00000000e0000000)
  object space 93696K, 74% used [0x00000000a0000000,0x00000000a43fe508,0x00000000a5b80000)
 Metaspace       used 67978K, capacity 71648K, committed 71808K, reserved 1112064K
  class space    used 8859K, capacity 9507K, committed 9600K, reserved 1048576K
}
Event: 863.886 GC heap before
{Heap before GC invocations=24 (full 3):
 PSYoungGen      total 417280K, used 417139K [0x00000000e0000000, 0x00000000fb380000, 0x0000000100000000)
  eden space 401920K, 100% used [0x00000000e0000000,0x00000000f8880000,0x00000000f8880000)
  from space 15360K, 99% used [0x00000000fa480000,0x00000000fb35cc08,0x00000000fb380000)
  to   space 21504K, 0% used [0x00000000f8980000,0x00000000f8980000,0x00000000f9e80000)
 ParOldGen       total 93696K, used 69625K [0x00000000a0000000, 0x00000000a5b80000, 0x00000000e0000000)
  object space 93696K, 74% used [0x00000000a0000000,0x00000000a43fe508,0x00000000a5b80000)
 Metaspace       used 70541K, capacity 74710K, committed 74880K, reserved 1114112K
  class space    used 9121K, capacity 9852K, committed 9856K, reserved 1048576K

